

01:29:18 error: relation "admin" does not exist
         query: SELECT * FROM Admin

01:35:26 error: relation "admin" does not exist
         query: SELECT * FROM Admin

01:40:37 error: relation "admina" does not exist
         query: SELECT * FROM Admina

01:41:43 error: relation "admin" does not exist
         query: SELECT * FROM Admin

10:24:07 error: Property 'user_name' doesn't exist.
         task(add-issue): INSERT INTO cities VALUES(${user_name},${id},${issue},${zone_id},${circle_id},$(ward_id)) RETURNING *
         params: {}

10:25:38 error: Property 'user_name' doesn't exist.
         task(add-issue): INSERT INTO cities VALUES(${user_name},${id},${issue},${zone_id},${circle_id},$(ward_id)) RETURNING *
         params: {}

10:28:07 error: Property 'user_name' doesn't exist.
         task(add-issue): INSERT INTO cities VALUES(${user_name},${id},${issue},${zone_id},${circle_id},$(ward_id)) RETURNING *
         params: {}

10:31:20 error: Property 'user_name' doesn't exist.
         task(add-issue): INSERT INTO cities VALUES(${user_name},${id},${issue},${zone_id},${circle_id},$(ward_id)) RETURNING *
         params: {}

10:35:10 error: Property 'user_name' doesn't exist.
         task(add-issue): INSERT INTO cities VALUES(${user_name},${id},${issue},${zone_id},${circle_id},$(ward_id)) RETURNING *
         params: {"------WebKitFormBoundaryGHRAbsHTENGbqOSc\r\nContent-Disposition: form-data; name":"\"user_name\"\r\n\r\nbhargavi\r\n------WebKitFormBoundaryGHRAbsHTENGbqOSc\r\nContent-Disposition: form-data; name=\"mobile_number\"\r\n\r\n7894561233\r\n------WebKitFormBoundaryGHRAbsHTENGbqOSc\r\nContent-Disposition: form-data; name=\"email_id\"\r\n\r\nbhargavisri28@gmail.com\r\n------WebKitFormBoundaryGHRAbsHTENGbqOSc\r\nContent-Disposition: form-data; name=\"message\"\r\n\r\nWater leakage\r\n------WebKitFormBoundaryGHRAbsHTENGbqOSc--\r\n"}

10:37:56 error: Property 'id' doesn't exist.
         task(add-issue): INSERT INTO cities VALUES(${user_name},${id},${issue},${zone_id},${circle_id},$(ward_id)) RETURNING *
         params: {"user_name":"bhargavi","mobile_number":"7894561233","email_id":"bhargavi@gmail.com","message":"heloooooooooo"}

10:38:31 error: Property 'issue' doesn't exist.
         task(add-issue): INSERT INTO cities VALUES(${user_name},${id},${issue},${zone_id},${circle_id},$(ward_id)) RETURNING *
         params: {"user_name":"bhargavi","mobile_number":"7894561233","email_id":"bhargavi@gmail.com","message":"heloooooooooo","id":"1"}

10:38:59 error: Property 'issue' doesn't exist.
         task(add-issue): INSERT INTO issue VALUES(${user_name},${id},${issue},${zone_id},${circle_id},$(ward_id)) RETURNING *
         params: {"user_name":"bhargavi","mobile_number":"7894561233","email_id":"bhargavi@gmail.com","message":"heloooooooooo","id":"1"}

10:42:33 error: Property 'issue' doesn't exist.
         task(add-issue): INSERT INTO issue VALUES(${user_name},${id},${issue},${zone_id},${circle_id},$(ward_id)) RETURNING *
         params: {"user_name":"bhargavi","mobile_number":"7894561233","email_id":"bhargavi@gmail.com","message":"heloooooooooo","id":"1"}

10:59:40 error: this.db.admin.get_last_ID is not a function

11:08:31 error: this.db.admin.get_last_ID is not a function

11:09:20 error: this.db.admin.get_last_ID is not a function

11:10:15 error: this.db.admin.get_last_ID is not a function

11:11:21 error: Property 'issue' doesn't exist.
         task(add-issue): INSERT INTO issue VALUES(${id},${user_name},${issue},${zone_id},${circle_id},$(ward_id),$(file_upload)) RETURNING *
         params: {"user_name":"ssfsdfsf","mobile_number":"7894561233","email_id":"bhargavi@gmail.com","message":"heloooooooooo","id":2,"file":"teststs","location_id":null}

11:18:43 error: Property 'issue' doesn't exist.
         task(add-issue): INSERT INTO issue VALUES(${id},${user_name},${issue},${zone_id},${circle_id},$(ward_id),$(file_upload)) RETURNING *
         params: {"user_name":"ssfsdfsf","mobile_number":"7894561233","email_id":"bhargavi@gmail.com","message":"heloooooooooo","file":"teststs","id":2,"location_id":null}

11:20:28 error: Property 'issue' doesn't exist.
         task(add-issue): INSERT INTO issue VALUES(${id},${user_name},${issue},${zone_id},${circle_id},$(ward_id),$(file_upload)) RETURNING *
         params: {"user_name":"ssfsdfsf","mobile_number":"7894561233","email_id":"bhargavi@gmail.com","message":"heloooooooooo","file":"teststs","id":2,"location_id":null}

11:33:41 error: Property 'issue' doesn't exist.
         task(add-issue): INSERT INTO issue VALUES(${id},${user_name},${issue},${zone_id},${circle_id},$(ward_id),$(file_upload)) RETURNING *
         params: {"user_name":"ssfsdfsf","mobile_number":"7894561233","email_id":"bhargavi@gmail.com","message":"heloooooooooo","file":"teststs","id":2,"location_id":null}

11:35:48 error: Cannot read property 'then' of undefined

11:35:48 error: Querying against a released or lost connection.
         task(add-issue): SELECT id FROM issue order by id DESC LIMIT 1

11:38:05 error: Property 'issue' doesn't exist.
         task(add-issue): INSERT INTO issue VALUES(${id},${user_name},${issue},${zone_id},${circle_id},$(ward_id),$(file_upload)) RETURNING *
         params: {"user_name":"ssfsdfsf","mobile_number":"7894561233","email_id":"bhargavi@gmail.com","message":"heloooooooooo","file":"teststs","id":2,"location_id":null}

11:45:08 error: t.admin.add_newadmin is not a function

11:46:25 error: column "location_id" does not exist
         task(add-newadmin): SELECT id,location_id FROM issue order by Location_ID DESC LIMIT 1

11:47:05 error: column "location_id" does not exist
         task(add-newadmin): SELECT id FROM issue order by Location_ID DESC LIMIT 1

11:47:37 error: Property 'admin_user' doesn't exist.
         task(add-newadmin): INSERT INTO admin VALUES(${id},${admin_user},${password}) RETURNING *
         params: {"user_name":"ssfsdfsf","password":"7894561233","id":2,"location_id":null}

11:49:07 error: duplicate key value violates unique constraint "Admin_pkey"
         task(add-newadmin): INSERT INTO admin VALUES(2,'ssfsdfsf','7894561233') RETURNING *

11:50:04 error: duplicate key value violates unique constraint "Admin_pkey"
         task(add-newadmin): INSERT INTO admin VALUES(2,'ssfsdfsf','7894561233') RETURNING *

12:08:15 error: t.admin.add_newissue is not a function

12:10:56 error: INSERT has more expressions than target columns
         task(add-newissue): INSERT INTO admin VALUES('asasc','ssss','1','1','1','dsadasd') RETURNING *

12:12:14 error: INSERT has more expressions than target columns
         task(add-newissue): INSERT INTO admin VALUES('asasc','ssss','1','1','1','dsadasd') RETURNING *

12:14:05 error: duplicate key value violates unique constraint "issue_pkey"
         task(add-newissue): INSERT INTO issue VALUES('asasc','ssss','1','1','1','dsadasd') RETURNING *

12:16:47 error: duplicate key value violates unique constraint "issue_pkey"
         task(add-newissue): INSERT INTO issue VALUES('NaN','asasc','ssss','1','1','1','dsadasd') RETURNING *

12:37:33 error: Cannot read property 'add_newvolunteer' of undefined

12:38:06 error: Cannot read property 'add_newvolunteer' of undefined

12:38:49 error: Cannot read property 'add_newvolunteer' of undefined

12:41:12 error: Cannot read property 'add_newvolunteer' of undefined

12:43:22 error: Cannot read property 'add_newvolunteer' of undefined

12:45:27 error: Cannot read property 'add_newvolunteer' of undefined

13:30:42 error: invalid input syntax for integer: "IT"
         task(add-newvolunteer): INSERT INTO volunteer VALUES('test','test','test','7894561233','F','test@gmail.com','hyd','hyd','IT','24','all','1','1','1',3) RETURNING *

13:32:05 error: invalid input syntax for integer: "IT"
         task(add-newvolunteer): INSERT INTO volunteer VALUES('test','test','test','7894561233','F','test@gmail.com','hyd','hyd','IT','24','all','1','1','1',3) RETURNING *

13:35:41 error: invalid input syntax for integer: "IT"
         task(add-newvolunteer): INSERT INTO volunteer VALUES('test','test','test','7894561233','F','test@gmail.com','hyd','hyd','IT','24','all','1','1','1',3) RETURNING *

13:37:26 error: relation "mappedbody" does not exist
         task(add-newvolunteer): INSERT INTO mappedBody VALUES('test','test','test','7894561233','F','test@gmail.com','hyd','hyd','IT','24','all','1','1','1','3') RETURNING *

13:40:30 error: invalid input syntax for integer: "IT"
         task(add-newvolunteer): INSERT INTO volunteer VALUES('test','test','test','7894561233','F','test@gmail.com','hyd','hyd','IT','24','all','1','1','1','3') RETURNING *

13:48:16 error: invalid input syntax for integer: "IT"
         task(add-newvolunteer): INSERT INTO volunteer VALUES('test','test','test','7894561233','F','test@gmail.com','hyd','hyd','IT','24','all','1','1','1','3') RETURNING *

13:51:06 error: relation "status_codes" does not exist
         task(add-newvolunteer): SELECT * FROM status_codes

13:52:45 error: relation "status_codes" does not exist
         task(add-newvolunteer): SELECT * FROM status_codes

14:02:47 error: null value in column "id" violates not-null constraint
         task(add-newcontact): INSERT INTO contact VALUES('assdf','7894561233','scfsdc@gmail.com','messsageeee') RETURNING *

14:03:35 error: null value in column "id" violates not-null constraint
         task(add-newcontact): INSERT INTO contact VALUES('assdf','7894561233','scfsdc@gmail.com','messsageeee') RETURNING *

14:04:51 error: null value in column "id" violates not-null constraint
         task(add-newcontact): INSERT INTO contact VALUES('assdf','7894561233','scfsdc@gmail.com','messsageeee') RETURNING *

14:33:01 error: syntax error at or near ")"
         task(add-newvolunteer): INSERT INTO volunteer VALUES('test','test','7894561233','F','test@gmail.com','hyd','hyd','IT','F','24','all','1','1',2,) RETURNING *

14:33:45 error: invalid input syntax for integer: "F"
         task(add-newvolunteer): INSERT INTO volunteer VALUES('test','test','7894561233','F','test@gmail.com','hyd','hyd','IT','F','24','all','1','1',2) RETURNING *

14:34:23 error: invalid input syntax for integer: "'F'"
         task(add-newvolunteer): INSERT INTO volunteer VALUES('test','test','7894561233','''F''','test@gmail.com','hyd','hyd','IT','''F''','24','all','1','1',2) RETURNING *

14:34:35 error: invalid input syntax for integer: "f"
         task(add-newvolunteer): INSERT INTO volunteer VALUES('test','test','7894561233','f','test@gmail.com','hyd','hyd','IT','f','24','all','1','1',2) RETURNING *

14:35:25 error: invalid input syntax for integer: "f"
         task(add-newvolunteer): INSERT INTO volunteer VALUES('test','test','7894561233','f','test@gmail.com','hyd','hyd','IT','f','24','all','1','1',2) RETURNING *

14:36:28 error: invalid input syntax for integer: "f"
         task(add-newvolunteer): INSERT INTO volunteer VALUES('test','test','7894561233','f','test@gmail.com','hyd','hyd','IT','f','24','all','1','1',2) RETURNING *

14:37:26 error: invalid input syntax for integer: "f"
         task(add-newvolunteer): INSERT INTO volunteer VALUES('test','test','7894561233','f','test@gmail.com','hyd','hyd','IT','f','24','all','1','1',2) RETURNING *

14:37:45 error: invalid input syntax for integer: "female"
         task(add-newvolunteer): INSERT INTO volunteer VALUES('test','test','7894561233','female','test@gmail.com','hyd','hyd','IT','female','24','all','1','1',2) RETURNING *

14:41:49 error: null value in column "id" violates not-null constraint
         task(add-newvolunteer): INSERT INTO volunteer VALUES('test','test','7894561233','Female','test@gmail.com','hyd','it','Female','24','all','1','1','3') RETURNING *

14:43:04 error: null value in column "id" violates not-null constraint
         task(add-newvolunteer): INSERT INTO volunteer VALUES('test','test','7894561233','Female','test@gmail.com','hyd','it','Female','24','all','1','1',3) RETURNING *

14:44:17 error: null value in column "id" violates not-null constraint
         task(add-newvolunteer): INSERT INTO volunteer VALUES('test','test','7894561233','Female','test@gmail.com','hyd','it','Female','24','all','1','1',3) RETURNING *

14:45:27 error: null value in column "id" violates not-null constraint
         task(add-newvolunteer): INSERT INTO volunteer VALUES('test','test','7894561233','Female','test@gmail.com','hyd','it','Female','24','all','1','1','3') RETURNING *

14:46:20 error: null value in column "id" violates not-null constraint
         task(add-newvolunteer): INSERT INTO volunteer VALUES('test','test','7894561233','Female','test@gmail.com','hyd','it','Female','24','all','1','1',3) RETURNING *

14:52:04 error: Property 'first_name' doesn't exist.
         task(add-newvolunteer): INSERT INTO volunteer VALUES(${first_name},${last_name},${mobile_number},${gender},${email_id},${occupation},${organization},${v_hour_per_week},${preferred_days},${zone},${circle},${id}) RETURNING *
         params: {"id":3}

14:52:56 error: invalid input syntax for integer: "all"
         task(add-newvolunteer): INSERT INTO volunteer VALUES('test','test','7894561233','Female','test@gmail.com','hyd','it','24','all','1','1',3) RETURNING *

14:56:12 error: invalid input syntax for integer: "all"
         task(add-newvolunteer): INSERT INTO volunteer VALUES('test','test','7894561233','Female','test@gmail.com','hyd','it','24','all','1','1',null) RETURNING *

14:56:24 error: invalid input syntax for integer: "all"
         task(add-newvolunteer): INSERT INTO volunteer VALUES('test','test','7894561233','Female','test@gmail.com','hyd','it','24','all','1','1','3') RETURNING *

14:57:36 error: null value in column "id" violates not-null constraint
         task(add-newvolunteer): INSERT INTO volunteer VALUES('test','test','7894561233','Female','test@gmail.com','hyd','it','24','1','1','1','3') RETURNING *

14:59:38 error: null value in column "id" violates not-null constraint
         task(add-newvolunteer): INSERT INTO volunteer VALUES('test','test',7894561233,'Female','test@gmail.com','hyd','hyd',1,2,1,1,3) RETURNING *

15:01:41 error: null value in column "id" violates not-null constraint
         task(add-newvolunteer): INSERT INTO volunteer VALUES('test','test',7894561233,'Female','test@gmail.com','hyd','hyd',1,2,1,1,1,1,3) RETURNING *

15:07:27 error: null value in column "id" violates not-null constraint
         task(add-newvolunteer): INSERT INTO volunteer VALUES('test','test',7894561233,'Female','test@gmail.com','hyd','hyd',1,2,1,1,1,1,3) RETURNING *

15:13:15 error: Property 'id' doesn't exist.
         task(add-newvolunteer): INSERT INTO volunteer VALUES(${first_name},${last_name},${mobile_number},${gender},${email_id},${address},${occupation},${organization},${v_hour_per_week},${preferred_days},${zone},${circle},${ward},${area_of_interest},${id}) RETURNING *
         params: {"first_name":"test","last_name":"test","mobile_number":"7894561233","gender":"Female","email_id":"test@gmail.com","address":"hyd","occupation":"hyd","organization":"it","v_hour_per_week":"24","preferred_days":"1","zone":"1","circle":"1","ward":"1","area_of_interest":"test"}

18:54:21 error: duplicate key value violates unique constraint "Admin_pkey"
         query: INSERT INTO admin VALUES('3','ssfsdfsf','7894561233') RETURNING *

18:54:58 error: Property 'id' doesn't exist.
         query: INSERT INTO admin VALUES(${id},${admin_user},${password}) RETURNING *
         params: {"admin_user":"ssfsdfsf","password":"7894561233"}

19:55:39 error: column "admin" does not exist
         query: INSERT INTO admin(admin_user, password) VALUES ("admin","admin")

19:56:28 error: column "admin" does not exist
         query: INSERT INTO admin(admin_user, password) VALUES ("admin","admin")

20:07:35 error: column "id" does not exist
         query: SELECT id FROM admin order by id DESC LIMIT 1

20:09:27 error: column "id" does not exist
         query: SELECT admin_id FROM admin order by id DESC LIMIT 1

20:30:32 error: Property 'id' doesn't exist.
         query: INSERT INTO contact VALUES(${username},${mobile_number},${email_id},${message},${id}) RETURNING *
         params: {"username":"assdf","mobile_number":"7894561233","email_id":"scfsdc@gmail.com","message":"messsageeee","admin_id":null}

13:21:25 error: column "admin_name" does not exist
         query: SELECT * FROM admin WHERE admin_name = $1

13:23:05 error: there is no parameter $1
         query: SELECT * FROM admin WHERE admin_user = $1

13:29:28 error: there is no parameter $1
         query: SELECT * FROM admin WHERE admin_user = $1

13:32:22 error: there is no parameter $1
         query: SELECT * FROM admin WHERE admin_user = $1

13:32:36 error: there is no parameter $1
         query: SELECT * FROM admin WHERE admin_user = $1

13:33:10 error: there is no parameter $1
         query: SELECT * FROM admin WHERE admin_user = $1

13:53:13 error: there is no parameter $1
         query: SELECT * FROM ward WHERE circle_id = $1

13:53:14 error: there is no parameter $1
         query: SELECT * FROM ward WHERE circle_id = $1

15:59:34 error: there is no parameter $1
         query: SELECT * FROM admin WHERE admin_user = $1

15:59:40 error: there is no parameter $1
         query: SELECT * FROM admin WHERE admin_user = $1

16:02:08 error: there is no parameter $1
         query: SELECT * FROM admin WHERE admin_user = $1

16:02:11 error: there is no parameter $1
         query: SELECT * FROM admin WHERE admin_user = $1

16:03:08 error: there is no parameter $1
         query: SELECT * FROM admin WHERE admin_user = $1

16:14:25 error: No data returned from the query.
         query: SELECT * FROM admin WHERE admin_user = 'sfsdf'

17:48:12 error: there is no parameter $1
         query: SELECT * FROM circle WHERE zone_id = $1